<?xml version="1.0" encoding="UTF-8"?>
<!-- Generated by org.testng.reporters.JUnitReportReporter -->
<testsuite skipped="0" hostname="LAPTOP-G3SL86T0" name="com.test.LoginTestHW" tests="3" failures="0" timestamp="2020-09-02T22:06:14 PDT" time="26.391" errors="0">
  <testcase name="passwordEmpy" time="9.221" classname="com.test.LoginTestHW"/>
  <system-out/>
  <testcase name="userNameAndWrongPassword" time="9.082" classname="com.test.LoginTestHW"/>
  <system-out/>
  <testcase name="userNameAndPasswordEmpty" time="8.088" classname="com.test.LoginTestHW"/>
  <system-out/>
</testsuite> <!-- com.test.LoginTestHW -->
