<?xml version="1.0" encoding="UTF-8"?>
<!-- Generated by org.testng.reporters.JUnitReportReporter -->
<testsuite skipped="0" hostname="LAPTOP-G3SL86T0" name="com.syntax.test.TestNGTest" tests="1" failures="0" timestamp="2020-08-29T06:59:43 PDT" time="0.011" errors="0">
  <testcase name="hello" time="0.011" classname="com.syntax.test.TestNGTest"/>
  <system-out/>
</testsuite> <!-- com.syntax.test.TestNGTest -->
